#
# A fatal error has been detected by the Java Runtime Environment:
#
#  EXCEPTION_ACCESS_VIOLATION (0xc0000005) at pc=0x00007ffe40933457, pid=13356, tid=22920
#
# JRE version: Java(TM) SE Runtime Environment (20.0.2+9) (build 20.0.2+9-78)
# Java VM: Java HotSpot(TM) 64-Bit Server VM (20.0.2+9-78, mixed mode, emulated-client, sharing, tiered, compressed oops, compressed class ptrs, g1 gc, windows-amd64)
# Problematic frame:
# V  [jvm.dll+0x673457]
#
# No core dump will be written. Minidumps are not enabled by default on client versions of Windows
#
# If you would like to submit a bug report, please visit:
#   https://bugreport.java.com/bugreport/crash.jsp
#

---------------  S U M M A R Y ------------

Command Line: -XX:TieredStopAtLevel=1 -Dspring.output.ansi.enabled=always -Dcom.sun.management.jmxremote -Dspring.jmx.enabled=true -Dspring.liveBeansView.mbeanDomain -Dspring.application.admin.enabled=true -Dmanagement.endpoints.jmx.exposure.include=* -javaagent:C:\Program Files\JetBrains\IntelliJ IDEA 2023.1.1\lib\idea_rt.jar=58909:C:\Program Files\JetBrains\IntelliJ IDEA 2023.1.1\bin -Dfile.encoding=UTF-8 -Dsun.stdout.encoding=UTF-8 -Dsun.stderr.encoding=UTF-8 com.example.login.LoginApplication

Host: 11th Gen Intel(R) Core(TM) i5-11400F @ 2.60GHz, 12 cores, 31G,  Windows 11 , 64 bit Build 22621 (10.0.22621.3527)
Time: Fri May  3 09:56:42 2024 Hora est. Pacífico, Sudamérica elapsed time: 14640.954424 seconds (0d 4h 4m 0s)

---------------  T H R E A D  ---------------

Current thread (0x00000166d265bd10):  WorkerThread "GC Thread#3" [stack: 0x0000000174d00000,0x0000000174e00000] [id=22920]

Stack: [0x0000000174d00000,0x0000000174e00000],  sp=0x0000000174dffaf0,  free space=1022k
Native frames: (J=compiled Java code, j=interpreted, Vv=VM code, C=native code)
V  [jvm.dll+0x673457]
V  [jvm.dll+0x3c4938]
V  [jvm.dll+0x6c7122]
V  [jvm.dll+0x35e692]
V  [jvm.dll+0x876b17]
V  [jvm.dll+0x7f5c76]
V  [jvm.dll+0x6baecb]
C  [ucrtbase.dll+0x29333]
C  [KERNEL32.DLL+0x1257d]
C  [ntdll.dll+0x5aa48]


siginfo: EXCEPTION_ACCESS_VIOLATION (0xc0000005), reading address 0x0000000080000100


Registers:
RAX=0x0000000000000068, RBX=0x00000166d240f6f0, RCX=0x0000000080000000, RDX=0x0000000000000000
RSP=0x0000000174dffaf0, RBP=0x000001668e0e7af0, RSI=0x0000000080000000, RDI=0x0000000000000024
R8 =0x0000000000000003, R9 =0x00000166fc896040, R10=0x00007ffe402c0000, R11=0x0000000174dffbb0
R12=0x0000000000000038, R13=0x0000000000000000, R14=0x0000000000000000, R15=0x00000000000003d8
RIP=0x00007ffe40933457, EFLAGS=0x0000000000010202


Register to memory mapping:

RIP=0x00007ffe40933457 jvm.dll
RAX=0x0000000000000068 is an unknown value
RBX=0x00000166d240f6f0 points into unknown readable memory: 0x0000000000000000 | 00 00 00 00 00 00 00 00
RCX=0x0000000080000000 is an unknown value
RDX=0x0 is NULL
RSP=0x0000000174dffaf0 points into unknown readable memory: 0x00000000000003d8 | d8 03 00 00 00 00 00 00
RBP=0x000001668e0e7af0 is a pointer to class: 
java.util.concurrent.CompletableFuture {0x000001668e0e7af8}
 - instance size:     3
 - klass size:        229
 - access:            public synchronized 
 - state:             fully_initialized
 - name:              'java/util/concurrent/CompletableFuture'
 - super:             'java/lang/Object'
 - sub:               'org/springframework/util/concurrent/DelegatingCompletableFuture'   
 - arrays:            NULL
 - methods:           Array<T>(0x00000166cf7fc4d8)
 - method ordering:   Array<T>(0x000001668d70d7b0)
 - default_methods:   Array<T>(0x0000000000000000)
 - local interfaces:  Array<T>(0x00000166cf7fc430)
 - trans. interfaces: Array<T>(0x00000166cf7fc430)
 - constants:         constant pool [1095] {0x00000166cf7f9f88} for 'java/util/concurrent/CompletableFuture' cache=0x00000166d05070a0
 - class loader data:  loader data: 0x00000166f3960230 of 'bootstrap'
 - source file:       'CompletableFuture.java'
 - class annotations:       Array<T>(0x0000000000000000)
 - class type annotations:  Array<T>(0x0000000000000000)
 - field annotations:       Array<T>(0x0000000000000000)
 - field type annotations:  Array<T>(0x0000000000000000)
 - generic signature: '<T:Ljava/lang/Object;>Ljava/lang/Object;Ljava/util/concurrent/Future<TT;>;Ljava/util/concurrent/CompletionStage<TT;>;'
 - inner classes:     Array<T>(0x00000166d0506ba0)
 - nest members:     Array<T>(0x00000166d0506ce0)
 - permitted subclasses:     Array<T>(0x000001668d2100f8)
 - java mirror:       a 'java/lang/Class'{0x0000000603a14e58} = 'java/util/concurrent/CompletableFuture'
 - vtable length      115  (start addr: 0x000001668e0e7cb0)
 - itable length      57 (start addr: 0x000001668e0e8048)
 - ---- static fields (5 words):
 - static final 'NIL' 'Ljava/util/concurrent/CompletableFuture$AltResult;' @112 
 - private static final 'USE_COMMON_POOL' 'Z' @144 
 - private static final 'ASYNC_POOL' 'Ljava/util/concurrent/Executor;' @116 
 - static final 'SYNC' 'I' @132 
 - static final 'ASYNC' 'I' @136 
 - static final 'NESTED' 'I' @140 
 - private static final 'RESULT' 'Ljava/lang/invoke/VarHandle;' @120 
 - private static final 'STACK' 'Ljava/lang/invoke/VarHandle;' @124 
 - private static final 'NEXT' 'Ljava/lang/invoke/VarHandle;' @128 
 - ---- non-static fields (2 words):
 - volatile 'result' 'Ljava/lang/Object;' @12 
 - volatile 'stack' 'Ljava/util/concurrent/CompletableFuture$Completion;' @16 
 - non-static oop maps: 12-16 
RSI=0x0000000080000000 is an unknown value
RDI=0x0000000000000024 is an unknown value
R8 =0x0000000000000003 is an unknown value
R9 =0x00000166fc896040 is at entry_point+0 in (nmethod*)0x00000166fc895e10
Compiled method (c1) 14640971 9259       1       javax.management.openmbean.CompositeDataSupport::get (73 bytes)
 total in heap  [0x00000166fc895e10,0x00000166fc896728] = 2328
 relocation     [0x00000166fc895f58,0x00000166fc896030] = 216
 main code      [0x00000166fc896040,0x00000166fc896418] = 984
 stub code      [0x00000166fc896418,0x00000166fc8964d0] = 184
 metadata       [0x00000166fc8964d0,0x00000166fc8964e0] = 16
 scopes data    [0x00000166fc8964e0,0x00000166fc8965a8] = 200
 scopes pcs     [0x00000166fc8965a8,0x00000166fc896708] = 352
 dependencies   [0x00000166fc896708,0x00000166fc896710] = 8
 nul chk table  [0x00000166fc896710,0x00000166fc896728] = 24
R10=0x00007ffe402c0000 jvm.dll
R11=0x0000000174dffbb0 points into unknown readable memory: 0x0000000000000068 | 68 00 00 00 00 00 00 00
R12=0x0000000000000038 is an unknown value
R13=0x0 is NULL
R14=0x0 is NULL
R15=0x00000000000003d8 is an unknown value


Top of Stack: (sp=0x0000000174dffaf0)
0x0000000174dffaf0:   00000000000003d8 00000166d226ab80
0x0000000174dffb00:   00000166d240f6f0 00000166d242c770
0x0000000174dffb10:   00007ffe40c8f408 00007ffe404e6413
0x0000000174dffb20:   00000000000003d8 0000000000000120
0x0000000174dffb30:   0000000000000000 0000000000000038
0x0000000174dffb40:   0000000000000024 00007ffe40684938
0x0000000174dffb50:   00000000000003d8 0000000080000000
0x0000000174dffb60:   000001668e0e7af0 00000166d226ab70
0x0000000174dffb70:   00000166d226af58 00000166d242c770
0x0000000174dffb80:   00000166d226ab70 00000166d226ab80
0x0000000174dffb90:   0000000173bfe650 00007ffe40987122
0x0000000174dffba0:   000092f37884c45a 0000000000000001
0x0000000174dffbb0:   0000000000000068 00000166d265b7b8
0x0000000174dffbc0:   0000000000000068 00000166d265b7b8
0x0000000174dffbd0:   0000000000000006 00007ffe4061e692
0x0000000174dffbe0:   0000000173bfe610 00000166d265bd10
0x0000000174dffbf0:   0000000000000006 0000000000000006
0x0000000174dffc00:   00000166d240f6f0 00007ffe40b36b17
0x0000000174dffc10:   00000166f395f828 0000000000000006
0x0000000174dffc20:   0000016600000000 000000000000021c
0x0000000174dffc30:   0000000000000000 00000166d265bd10
0x0000000174dffc40:   0000000000000000 0000000000100000
0x0000000174dffc50:   0000000000000000 00007ffe40ab5c76
0x0000000174dffc60:   00000166d265bd10 0000000000020000
0x0000000174dffc70:   0000000000000000 0000000000000000
0x0000000174dffc80:   0000000000000004 0000000000001000
0x0000000174dffc90:   0000000400001000 0000000000020000
0x0000000174dffca0:   0000000000000000 00007ffe40ab63fa
0x0000000174dffcb0:   00000166d265bd10 0000000000000000
0x0000000174dffcc0:   00001381fcb13e3d 0000000000000000
0x0000000174dffcd0:   0000000000000000 00007ffe4097aecb
0x0000000174dffce0:   00000166d265bd10 00000166d265bd10 

Instructions: (pc=0x00007ffe40933457)
0x00007ffe40933357:   f7 df 0f 1f 80 00 00 00 00 48 8b 11 48 89 14 f9
0x00007ffe40933367:   48 83 c1 08 48 3b c8 72 f0 0f b6 13 8b ca 85 d2
0x00007ffe40933377:   74 31 83 e9 01 74 2c 83 f9 0c 74 3a 89 54 24 20
0x00007ffe40933387:   4c 8d 0d a2 bc 35 00 48 8d 15 b3 bc 35 00 41 b8
0x00007ffe40933397:   69 05 00 00 b9 00 00 00 e0 e8 4b d7 c0 ff e8 66
0x00007ffe409333a7:   88 04 00 b8 08 00 00 00 48 03 d8 48 3b dd 0f 82
0x00007ffe409333b7:   85 fe ff ff eb 34 b8 10 00 00 00 eb eb 85 f6 74
0x00007ffe409333c7:   29 4c 8d 04 fd 00 00 00 00 48 8b cb 49 2b c8 49
0x00007ffe409333d7:   c1 e8 03 48 3b cb 4d 0f 47 c7 4d 85 c0 74 0b 49
0x00007ffe409333e7:   c1 e0 03 33 d2 e8 41 4d 23 00 48 8b 7c 24 50 4c
0x00007ffe409333f7:   8b 64 24 58 48 8b 5c 24 60 48 8b 6c 24 68 48 83
0x00007ffe40933407:   c4 30 41 5f 41 5e 5e c3 cc 48 89 5c 24 10 48 89
0x00007ffe40933417:   6c 24 18 48 89 74 24 20 57 41 54 41 55 41 56 41
0x00007ffe40933427:   57 48 83 ec 30 65 48 8b 04 25 58 00 00 00 44 0f
0x00007ffe40933437:   b6 f2 44 8b 05 08 1b 58 00 48 8b f1 4a 8b 1c c0
0x00007ffe40933447:   b8 68 00 00 00 80 3c 18 00 75 05 e8 c9 39 23 00
0x00007ffe40933457:   83 be 00 01 00 00 00 b8 28 00 00 00 48 8b 04 18
0x00007ffe40933467:   48 8b a8 50 02 00 00 48 8b 7d 28 4c 8b 7d 10 4c
0x00007ffe40933477:   8b 65 18 4c 8b 6d 20 48 89 7c 24 60 7e 65 48 8d
0x00007ffe40933487:   8e 08 01 00 00 e8 0f 0c 00 00 48 8b f8 48 85 c0
0x00007ffe40933497:   74 4c 0f 1f 80 00 00 00 00 48 8b 07 41 0f b6 d6
0x00007ffe409334a7:   48 8b cf ff 90 80 00 00 00 8b 5f 08 48 8b cf 48
0x00007ffe409334b7:   8b 07 2b de ff 10 8d 48 e0 8d 0c cb 3b 8e 00 01
0x00007ffe409334c7:   00 00 7d 1a 48 63 c1 48 8d 8e 08 01 00 00 48 03
0x00007ffe409334d7:   c8 e8 c3 0b 00 00 48 8b f8 48 85 c0 75 bb 48 8b
0x00007ffe409334e7:   7c 24 60 48 63 86 04 01 00 00 83 f8 fe 74 35 48
0x00007ffe409334f7:   8d 8e 08 01 00 00 48 03 c8 e8 9b 0b 00 00 48 8b
0x00007ffe40933507:   c8 48 8b d8 48 8b 10 ff 52 68 33 c9 84 c0 48 0f
0x00007ffe40933517:   45 cb 48 85 c9 74 0d 48 8b 01 41 0f b6 d6 ff 90
0x00007ffe40933527:   80 00 00 00 48 8d 05 d6 be 35 00 44 88 74 24 28
0x00007ffe40933537:   48 8d 54 24 20 48 89 44 24 20 48 8b ce e8 a7 fc
0x00007ffe40933547:   ff ff 49 83 3f 00 74 13 48 8b d7 48 8b cd e8 a6 


Stack slot to memory mapping:
stack at sp + 0 slots: 0x00000000000003d8 is an unknown value
stack at sp + 1 slots: 0x00000166d226ab80 points into unknown readable memory: 0x616d2e786176616a | 6a 61 76 61 78 2e 6d 61
stack at sp + 2 slots: 0x00000166d240f6f0 points into unknown readable memory: 0x0000000000000000 | 00 00 00 00 00 00 00 00
stack at sp + 3 slots: 0x00000166d242c770 points into unknown readable memory: 0x0000000000000002 | 02 00 00 00 00 00 00 00
stack at sp + 4 slots: 0x00007ffe40c8f408 jvm.dll
stack at sp + 5 slots: 0x00007ffe404e6413 jvm.dll
stack at sp + 6 slots: 0x00000000000003d8 is an unknown value
stack at sp + 7 slots: 0x0000000000000120 is an unknown value


---------------  P R O C E S S  ---------------

Threads class SMR info:
_java_thread_list=0x00000166d4e746b0, length=30, elements={
0x00000166cdc21c10, 0x00000166cdc22a10, 0x00000166cdc23b60, 0x00000166cdc25b90,
0x00000166cdc29860, 0x00000166cdc2a290, 0x00000166cdc2f0e0, 0x00000166fff9dc30,
0x00000166d20e8120, 0x00000166d210f350, 0x00000166d2111880, 0x00000166d3cf3af0,
0x00000166d4ad9f50, 0x00000166d4ade9b0, 0x00000166d4adaf40, 0x00000166d4addf10,
0x00000166d4adfef0, 0x00000166d4ae0990, 0x00000166d4add9c0, 0x00000166d4ae0440,
0x00000166d4adf450, 0x00000166d4ada9f0, 0x00000166d4adcf20, 0x00000166d4add470,
0x00000166d4adb490, 0x00000166d4adf9a0, 0x00000166d4adb9e0, 0x00000166d4ae0ee0,
0x00000166d4adbf30, 0x00000166d4adc480
}

Java Threads: ( => current thread )
  0x00000166cdc21c10 JavaThread "Reference Handler" daemon [_thread_blocked, id=26180, stack(0x0000000173c00000,0x0000000173d00000)]
  0x00000166cdc22a10 JavaThread "Finalizer" daemon [_thread_blocked, id=26144, stack(0x0000000173d00000,0x0000000173e00000)]
  0x00000166cdc23b60 JavaThread "Signal Dispatcher" daemon [_thread_blocked, id=4944, stack(0x0000000173e00000,0x0000000173f00000)]
  0x00000166cdc25b90 JavaThread "Attach Listener" daemon [_thread_blocked, id=19196, stack(0x0000000173f00000,0x0000000174000000)]
  0x00000166cdc29860 JavaThread "Service Thread" daemon [_thread_blocked, id=24080, stack(0x0000000174000000,0x0000000174100000)]
  0x00000166cdc2a290 JavaThread "Monitor Deflation Thread" daemon [_thread_blocked, id=11860, stack(0x0000000174100000,0x0000000174200000)]
  0x00000166cdc2f0e0 JavaThread "C1 CompilerThread0" daemon [_thread_blocked, id=19472, stack(0x0000000174200000,0x0000000174300000)]
  0x00000166fff9dc30 JavaThread "Common-Cleaner" daemon [_thread_blocked, id=21948, stack(0x0000000174300000,0x0000000174400000)]
  0x00000166d20e8120 JavaThread "Notification Thread" daemon [_thread_blocked, id=28492, stack(0x0000000174700000,0x0000000174800000)]
  0x00000166d210f350 JavaThread "RMI TCP Accept-0" daemon [_thread_in_native, id=22132, stack(0x0000000174900000,0x0000000174a00000)]
  0x00000166d2111880 JavaThread "RMI Scheduler(0)" daemon [_thread_blocked, id=27580, stack(0x0000000175900000,0x0000000175a00000)]
  0x00000166d3cf3af0 JavaThread "Live Reload Server" daemon [_thread_in_native, id=9292, stack(0x0000000176300000,0x0000000176400000)]
  0x00000166d4ad9f50 JavaThread "DestroyJavaVM" [_thread_blocked, id=11200, stack(0x0000000173500000,0x0000000173600000)]
  0x00000166d4ade9b0 JavaThread "Catalina-utility-1" [_thread_blocked, id=13944, stack(0x0000000175a00000,0x0000000175b00000)]
  0x00000166d4adaf40 JavaThread "Catalina-utility-2" [_thread_blocked, id=25324, stack(0x0000000175b00000,0x0000000175c00000)]
  0x00000166d4addf10 JavaThread "container-0" [_thread_blocked, id=24132, stack(0x0000000175c00000,0x0000000175d00000)]
  0x00000166d4adfef0 JavaThread "HikariPool-2 housekeeper" daemon [_thread_blocked, id=12712, stack(0x0000000175f00000,0x0000000176000000)]
  0x00000166d4ae0990 JavaThread "File Watcher" daemon [_thread_blocked, id=5812, stack(0x0000000176100000,0x0000000176200000)]
  0x00000166d4add9c0 JavaThread "http-nio-8080-exec-1" daemon [_thread_blocked, id=24624, stack(0x0000000176200000,0x0000000176300000)]
  0x00000166d4ae0440 JavaThread "http-nio-8080-exec-2" daemon [_thread_blocked, id=152, stack(0x0000000176400000,0x0000000176500000)]
  0x00000166d4adf450 JavaThread "http-nio-8080-exec-3" daemon [_thread_blocked, id=5892, stack(0x0000000176500000,0x0000000176600000)]
  0x00000166d4ada9f0 JavaThread "http-nio-8080-exec-4" daemon [_thread_blocked, id=7344, stack(0x0000000176600000,0x0000000176700000)]
  0x00000166d4adcf20 JavaThread "http-nio-8080-exec-5" daemon [_thread_blocked, id=24584, stack(0x0000000176700000,0x0000000176800000)]
  0x00000166d4add470 JavaThread "http-nio-8080-exec-6" daemon [_thread_blocked, id=21288, stack(0x0000000176800000,0x0000000176900000)]
  0x00000166d4adb490 JavaThread "http-nio-8080-exec-7" daemon [_thread_blocked, id=4784, stack(0x0000000176900000,0x0000000176a00000)]
  0x00000166d4adf9a0 JavaThread "http-nio-8080-exec-8" daemon [_thread_blocked, id=28332, stack(0x0000000176a00000,0x0000000176b00000)]
  0x00000166d4adb9e0 JavaThread "http-nio-8080-exec-9" daemon [_thread_blocked, id=4844, stack(0x0000000176b00000,0x0000000176c00000)]
  0x00000166d4ae0ee0 JavaThread "http-nio-8080-exec-10" daemon [_thread_blocked, id=28260, stack(0x0000000176c00000,0x0000000176d00000)]
  0x00000166d4adbf30 JavaThread "http-nio-8080-Poller" daemon [_thread_in_native, id=11752, stack(0x0000000176d00000,0x0000000176e00000)]
  0x00000166d4adc480 JavaThread "http-nio-8080-Acceptor" daemon [_thread_in_native, id=15464, stack(0x0000000176e00000,0x0000000176f00000)]

Other Threads:
  0x00000166cdc04880 VMThread "VM Thread" [stack: 0x0000000173b00000,0x0000000173c00000] [id=5848]
  0x00000166d22d3560 WatcherThread "VM Periodic Task Thread" [stack: 0x0000000174a00000,0x0000000174b00000] [id=25476]
  0x00000166ffdf0c10 WorkerThread "GC Thread#0" [stack: 0x0000000173600000,0x0000000173700000] [id=7284]
  0x00000166d2659760 WorkerThread "GC Thread#1" [stack: 0x0000000174b00000,0x0000000174c00000] [id=19028]
  0x00000166d2659a30 WorkerThread "GC Thread#2" [stack: 0x0000000174c00000,0x0000000174d00000] [id=26552]
=>0x00000166d265bd10 WorkerThread "GC Thread#3" [stack: 0x0000000174d00000,0x0000000174e00000] [id=22920]
  0x00000166d265df90 WorkerThread "GC Thread#4" [stack: 0x0000000174e00000,0x0000000174f00000] [id=14100]
  0x00000166d265d9f0 WorkerThread "GC Thread#5" [stack: 0x0000000174f00000,0x0000000175000000] [id=4340]
  0x00000166d265dcc0 WorkerThread "GC Thread#6" [stack: 0x0000000175000000,0x0000000175100000] [id=27764]
  0x00000166d265c910 WorkerThread "GC Thread#7" [stack: 0x0000000175100000,0x0000000175200000] [id=12600]
  0x00000166d265e260 WorkerThread "GC Thread#8" [stack: 0x0000000175200000,0x0000000175300000] [id=11288]
  0x00000166d265c640 WorkerThread "GC Thread#9" [stack: 0x0000000175300000,0x0000000175400000] [id=27908]
  0x00000166f39c4320 ConcurrentGCThread "G1 Main Marker" [stack: 0x0000000173700000,0x0000000173800000] [id=17312]
  0x00000166f39c4d50 WorkerThread "G1 Conc#0" [stack: 0x0000000173800000,0x0000000173900000] [id=7492]
  0x00000166d265d450 WorkerThread "G1 Conc#1" [stack: 0x0000000175600000,0x0000000175700000] [id=9496]
  0x00000166d265ceb0 WorkerThread "G1 Conc#2" [stack: 0x0000000175700000,0x0000000175800000] [id=3276]
  0x00000166ffe63860 ConcurrentGCThread "G1 Refine#0" [stack: 0x0000000173900000,0x0000000173a00000] [id=10336]
  0x00000166ffe64300 ConcurrentGCThread "G1 Service" [stack: 0x0000000173a00000,0x0000000173b00000] [id=6724]

Threads with active compile tasks:

VM state: at safepoint (normal execution)

VM Mutex/Monitor currently owned by a thread:  ([mutex/lock_event])
[0x00000166f393b270] Threads_lock - owner thread: 0x00000166cdc04880
[0x00000166f393af10] Heap_lock - owner thread: 0x00000166f39c4320

Heap address: 0x0000000602800000, size: 8152 MB, Compressed Oops mode: Zero based, Oop shift amount: 3

CDS archive(s) mapped at: [0x000001668cc00000-0x000001668d860000-0x000001668d860000), size 12976128, SharedBaseAddress: 0x000001668cc00000, ArchiveRelocationMode: 1.
Compressed class space mapped at: 0x000001668dc00000-0x00000166cdc00000, reserved size: 1073741824
Narrow klass base: 0x000001668cc00000, Narrow klass shift: 0, Narrow klass range: 0x100000000

GC Precious Log:
 CardTable entry size: 512
 Card Set container configuration: InlinePtr #cards 4 size 8 Array Of Cards #cards 32 size 80 Howl #buckets 8 coarsen threshold 7372 Howl Bitmap #cards 1024 size 144 coarsen threshold 921 Card regions per heap region 1 cards per card region 8192
 CPUs: 12 total, 12 available
 Memory: 32604M
 Large Page Support: Disabled
 NUMA Support: Disabled
 Compressed Oops: Enabled (Zero based)
 Heap Region Size: 4M
 Heap Min Capacity: 8M
 Heap Initial Capacity: 512M
 Heap Max Capacity: 8152M
 Pre-touch: Disabled
 Parallel Workers: 10
 Concurrent Workers: 3
 Concurrent Refinement Workers: 10
 Periodic GC: Disabled

Heap:
 garbage-first heap   total 151552K, used 37829K [0x0000000602800000, 0x0000000800000000)
  region size 4096K, 2 young (8192K), 1 survivors (4096K)
 Metaspace       used 72032K, committed 73472K, reserved 1114112K
  class space    used 10454K, committed 11008K, reserved 1048576K

Heap Regions: E=young(eden), S=young(survivor), O=old, HS=humongous(starts), HC=humongous(continues), CS=collection set, F=free, OA=open archive, CA=closed archive, TAMS=top-at-mark-start, PB=parsable bottom
|   0|0x0000000602800000, 0x0000000602c00000, 0x0000000602c00000|100%| O|  |TAMS 0x0000000602c00000| PB 0x0000000602800000| Untracked 
|   1|0x0000000602c00000, 0x0000000602fffff0, 0x0000000603000000| 99%| O|  |TAMS 0x0000000602fffff0| PB 0x0000000602c00000| Untracked 
|   2|0x0000000603000000, 0x00000006033f5200, 0x0000000603400000| 98%| O|  |TAMS 0x00000006033f5200| PB 0x0000000603000000| Untracked 
|   3|0x0000000603400000, 0x00000006037fffd8, 0x0000000603800000| 99%| O|  |TAMS 0x00000006037fffd8| PB 0x0000000603400000| Untracked 
|   4|0x0000000603800000, 0x0000000603c00000, 0x0000000603c00000|100%| O|  |TAMS 0x0000000603c00000| PB 0x0000000603800000| Untracked 
|   5|0x0000000603c00000, 0x0000000603fa3bf8, 0x0000000604000000| 90%| O|  |TAMS 0x0000000603fa3bf8| PB 0x0000000603c00000| Untracked 
|   6|0x0000000604000000, 0x0000000604016e00, 0x0000000604400000|  2%| O|  |TAMS 0x0000000604000000| PB 0x0000000604000000| Untracked 
|   7|0x0000000604400000, 0x0000000604800000, 0x0000000604800000|100%| O|  |TAMS 0x0000000604800000| PB 0x0000000604400000| Untracked 
|   8|0x0000000604800000, 0x0000000604c00000, 0x0000000604c00000|100%| O|  |TAMS 0x0000000604c00000| PB 0x0000000604800000| Untracked 
|   9|0x0000000604c00000, 0x0000000605000000, 0x0000000605000000|100%| O|  |TAMS 0x0000000604f86a00| PB 0x0000000604c00000| Untracked 
|  10|0x0000000605000000, 0x0000000605000000, 0x0000000605400000|  0%| F|  |TAMS 0x0000000605000000| PB 0x0000000605000000| Untracked 
|  11|0x0000000605400000, 0x0000000605400000, 0x0000000605800000|  0%| F|  |TAMS 0x0000000605400000| PB 0x0000000605400000| Untracked 
|  12|0x0000000605800000, 0x0000000605800000, 0x0000000605c00000|  0%| F|  |TAMS 0x0000000605800000| PB 0x0000000605800000| Untracked 
|  13|0x0000000605c00000, 0x0000000605c00000, 0x0000000606000000|  0%| F|  |TAMS 0x0000000605c00000| PB 0x0000000605c00000| Untracked 
|  14|0x0000000606000000, 0x0000000606000000, 0x0000000606400000|  0%| F|  |TAMS 0x0000000606000000| PB 0x0000000606000000| Untracked 
|  15|0x0000000606400000, 0x0000000606541bc8, 0x0000000606800000| 31%| S|CS|TAMS 0x0000000606400000| PB 0x0000000606400000| Complete 
|  16|0x0000000606800000, 0x0000000606800000, 0x0000000606c00000|  0%| F|  |TAMS 0x0000000606800000| PB 0x0000000606800000| Untracked 
|  17|0x0000000606c00000, 0x0000000606c00000, 0x0000000607000000|  0%| F|  |TAMS 0x0000000606c00000| PB 0x0000000606c00000| Untracked 
|  18|0x0000000607000000, 0x0000000607000000, 0x0000000607400000|  0%| F|  |TAMS 0x0000000607000000| PB 0x0000000607000000| Untracked 
|  19|0x0000000607400000, 0x0000000607400000, 0x0000000607800000|  0%| F|  |TAMS 0x0000000607400000| PB 0x0000000607400000| Untracked 
|  20|0x0000000607800000, 0x0000000607800000, 0x0000000607c00000|  0%| F|  |TAMS 0x0000000607800000| PB 0x0000000607800000| Untracked 
|  21|0x0000000607c00000, 0x0000000607c00000, 0x0000000608000000|  0%| F|  |TAMS 0x0000000607c00000| PB 0x0000000607c00000| Untracked 
|  22|0x0000000608000000, 0x0000000608000000, 0x0000000608400000|  0%| F|  |TAMS 0x0000000608000000| PB 0x0000000608000000| Untracked 
|  23|0x0000000608400000, 0x0000000608400000, 0x0000000608800000|  0%| F|  |TAMS 0x0000000608400000| PB 0x0000000608400000| Untracked 
|  24|0x0000000608800000, 0x0000000608800000, 0x0000000608c00000|  0%| F|  |TAMS 0x0000000608800000| PB 0x0000000608800000| Untracked 
|  25|0x0000000608c00000, 0x0000000608c00000, 0x0000000609000000|  0%| F|  |TAMS 0x0000000608c00000| PB 0x0000000608c00000| Untracked 
|  26|0x0000000609000000, 0x0000000609000000, 0x0000000609400000|  0%| F|  |TAMS 0x0000000609000000| PB 0x0000000609000000| Untracked 
|  27|0x0000000609400000, 0x0000000609400000, 0x0000000609800000|  0%| F|  |TAMS 0x0000000609400000| PB 0x0000000609400000| Untracked 
|  28|0x0000000609800000, 0x0000000609800000, 0x0000000609c00000|  0%| F|  |TAMS 0x0000000609800000| PB 0x0000000609800000| Untracked 
|  29|0x0000000609c00000, 0x0000000609c00000, 0x000000060a000000|  0%| F|  |TAMS 0x0000000609c00000| PB 0x0000000609c00000| Untracked 
|  30|0x000000060a000000, 0x000000060a000000, 0x000000060a400000|  0%| F|  |TAMS 0x000000060a000000| PB 0x000000060a000000| Untracked 
|  31|0x000000060a400000, 0x000000060a400000, 0x000000060a800000|  0%| F|  |TAMS 0x000000060a400000| PB 0x000000060a400000| Untracked 
|  32|0x000000060a800000, 0x000000060a800000, 0x000000060ac00000|  0%| F|  |TAMS 0x000000060a800000| PB 0x000000060a800000| Untracked 
|  33|0x000000060ac00000, 0x000000060ac00000, 0x000000060b000000|  0%| F|  |TAMS 0x000000060ac00000| PB 0x000000060ac00000| Untracked 
|  34|0x000000060b000000, 0x000000060b000000, 0x000000060b400000|  0%| F|  |TAMS 0x000000060b000000| PB 0x000000060b000000| Untracked 
|  35|0x000000060b400000, 0x000000060b400000, 0x000000060b800000|  0%| F|  |TAMS 0x000000060b400000| PB 0x000000060b400000| Untracked 
| 127|0x0000000622400000, 0x00000006225a5a48, 0x0000000622800000| 41%| E|  |TAMS 0x0000000622400000| PB 0x0000000622400000| Complete 

Card table byte_map: [0x0000016680000000,0x0000016680ff0000] _byte_map_base: 0x000001667cfec000

Marking Bits: (CMBitMap*) 0x00000166f39b29d0
 Bits: [0x0000016681fe0000, 0x0000016689f40000)

Polling page: 0x00000166f30f0000

Metaspace:

Usage:
  Non-class:     60.13 MB used.
      Class:     10.21 MB used.
       Both:     70.34 MB used.

Virtual space:
  Non-class space:       64.00 MB reserved,      61.00 MB ( 95%) committed,  1 nodes.
      Class space:        1.00 GB reserved,      10.75 MB (  1%) committed,  1 nodes.
             Both:        1.06 GB reserved,      71.75 MB (  7%) committed. 

Chunk freelists:
   Non-Class:  2.58 MB
       Class:  1.39 MB
        Both:  3.96 MB

MaxMetaspaceSize: unlimited
CompressedClassSpaceSize: 1.00 GB
Initial GC threshold: 21.00 MB
Current GC threshold: 119.62 MB
CDS: on
MetaspaceReclaimPolicy: balanced
 - commit_granule_bytes: 65536.
 - commit_granule_words: 8192.
 - virtual_space_node_default_size: 8388608.
 - enlarge_chunks_in_place: 1.
 - new_chunks_are_fully_committed: 0.
 - uncommit_free_chunks: 1.
 - use_allocation_guard: 0.


Internal statistics:

num_allocs_failed_limit: 9.
num_arena_births: 1312.
num_arena_deaths: 508.
num_vsnodes_births: 2.
num_vsnodes_deaths: 0.
num_space_committed: 1148.
num_space_uncommitted: 0.
num_chunks_returned_to_freelist: 593.
num_chunks_taken_from_freelist: 4060.
num_chunk_merges: 165.
num_chunk_splits: 2866.
num_chunks_enlarged: 2174.
num_inconsistent_stats: 0.

CodeCache: size=49152Kb used=4892Kb max_used=15945Kb free=44259Kb
 bounds [0x00000166fba00000, 0x00000166fca10000, 0x00000166fea00000]
 total_blobs=2661 nmethods=1958 adapters=627
 compilation: enabled
              stopped_count=0, restarted_count=0
 full_count=0

Compilation events (20 events):
Event: 14215.561 Thread 0x00000166cdc2f0e0 9562   !   1       sun.util.calendar.ZoneInfoFile::getZoneInfo0 (136 bytes)
Event: 14215.561 Thread 0x00000166cdc2f0e0 nmethod 9562 0x00000166fbc90a10 code [0x00000166fbc90c80, 0x00000166fbc916d8]
Event: 14233.293 Thread 0x00000166cdc2f0e0 9563       1       java.security.AccessControlContext::combine (205 bytes)
Event: 14233.293 Thread 0x00000166cdc2f0e0 nmethod 9563 0x00000166fbd76c90 code [0x00000166fbd76e80, 0x00000166fbd774f0]
Event: 14235.129 Thread 0x00000166cdc2f0e0 9564       1       java.util.Hashtable::<init> (9 bytes)
Event: 14235.129 Thread 0x00000166cdc2f0e0 nmethod 9564 0x00000166fbd13810 code [0x00000166fbd139c0, 0x00000166fbd13aa8]
Event: 14245.885 Thread 0x00000166cdc2f0e0 9565       1       java.lang.Thread::isTerminated (16 bytes)
Event: 14245.885 Thread 0x00000166cdc2f0e0 nmethod 9565 0x00000166fbb76490 code [0x00000166fbb76620, 0x00000166fbb76728]
Event: 14252.003 Thread 0x00000166cdc2f0e0 9566   !   1       java.util.concurrent.FutureTask::run (123 bytes)
Event: 14252.004 Thread 0x00000166cdc2f0e0 nmethod 9566 0x00000166fbefac10 code [0x00000166fbefaec0, 0x00000166fbefbbe8]
Event: 14260.900 Thread 0x00000166cdc2f0e0 9567       1       java.lang.Thread::getThreadGroup (30 bytes)
Event: 14260.900 Thread 0x00000166cdc2f0e0 nmethod 9567 0x00000166fbb8a190 code [0x00000166fbb8a340, 0x00000166fbb8a520]
Event: 14290.824 Thread 0x00000166cdc2f0e0 9569       1       java.util.concurrent.locks.AbstractQueuedSynchronizer$ConditionObject::await (207 bytes)
Event: 14290.825 Thread 0x00000166cdc2f0e0 nmethod 9569 0x00000166fbb47490 code [0x00000166fbb476c0, 0x00000166fbb47d60]
Event: 14290.825 Thread 0x00000166cdc2f0e0 9568       1       java.lang.ref.ReferenceQueue::await (15 bytes)
Event: 14290.825 Thread 0x00000166cdc2f0e0 nmethod 9568 0x00000166fbb77a90 code [0x00000166fbb77c20, 0x00000166fbb77d50]
Event: 14294.963 Thread 0x00000166cdc2f0e0 9570  s    1       com.zaxxer.hikari.pool.HikariPool$PoolEntryCreator::shouldContinueCreating (76 bytes)
Event: 14294.963 Thread 0x00000166cdc2f0e0 nmethod 9570 0x00000166fbcebb90 code [0x00000166fbcebd40, 0x00000166fbcec060]
Event: 14318.331 Thread 0x00000166cdc2f0e0 9571       1       java.lang.Thread::checkAccess (14 bytes)
Event: 14318.331 Thread 0x00000166cdc2f0e0 nmethod 9571 0x00000166fbd14e10 code [0x00000166fbd14f80, 0x00000166fbd15048]

GC Heap History (20 events):
Event: 6693.907 GC heap before
{Heap before GC invocations=29 (full 1):
 garbage-first heap   total 151552K, used 119262K [0x0000000602800000, 0x0000000800000000)
  region size 4096K, 22 young (90112K), 2 survivors (8192K)
 Metaspace       used 72031K, committed 73472K, reserved 1114112K
  class space    used 10454K, committed 11008K, reserved 1048576K
}
Event: 6693.909 GC heap after
{Heap after GC invocations=30 (full 1):
 garbage-first heap   total 151552K, used 36802K [0x0000000602800000, 0x0000000800000000)
  region size 4096K, 2 young (8192K), 2 survivors (8192K)
 Metaspace       used 72031K, committed 73472K, reserved 1114112K
  class space    used 10454K, committed 11008K, reserved 1048576K
}
Event: 7560.141 GC heap before
{Heap before GC invocations=31 (full 1):
 garbage-first heap   total 151552K, used 118722K [0x0000000602800000, 0x0000000800000000)
  region size 4096K, 22 young (90112K), 2 survivors (8192K)
 Metaspace       used 72031K, committed 73472K, reserved 1114112K
  class space    used 10454K, committed 11008K, reserved 1048576K
}
Event: 7560.143 GC heap after
{Heap after GC invocations=32 (full 1):
 garbage-first heap   total 151552K, used 37213K [0x0000000602800000, 0x0000000800000000)
  region size 4096K, 2 young (8192K), 2 survivors (8192K)
 Metaspace       used 72031K, committed 73472K, reserved 1114112K
  class space    used 10454K, committed 11008K, reserved 1048576K
}
Event: 8458.855 GC heap before
{Heap before GC invocations=32 (full 1):
 garbage-first heap   total 151552K, used 119133K [0x0000000602800000, 0x0000000800000000)
  region size 4096K, 22 young (90112K), 2 survivors (8192K)
 Metaspace       used 72031K, committed 73472K, reserved 1114112K
  class space    used 10454K, committed 11008K, reserved 1048576K
}
Event: 8458.859 GC heap after
{Heap after GC invocations=33 (full 1):
 garbage-first heap   total 151552K, used 36718K [0x0000000602800000, 0x0000000800000000)
  region size 4096K, 2 young (8192K), 2 survivors (8192K)
 Metaspace       used 72031K, committed 73472K, reserved 1114112K
  class space    used 10454K, committed 11008K, reserved 1048576K
}
Event: 9317.504 GC heap before
{Heap before GC invocations=33 (full 1):
 garbage-first heap   total 151552K, used 118638K [0x0000000602800000, 0x0000000800000000)
  region size 4096K, 22 young (90112K), 2 survivors (8192K)
 Metaspace       used 72032K, committed 73472K, reserved 1114112K
  class space    used 10454K, committed 11008K, reserved 1048576K
}
Event: 9317.507 GC heap after
{Heap after GC invocations=34 (full 1):
 garbage-first heap   total 151552K, used 37433K [0x0000000602800000, 0x0000000800000000)
  region size 4096K, 2 young (8192K), 2 survivors (8192K)
 Metaspace       used 72032K, committed 73472K, reserved 1114112K
  class space    used 10454K, committed 11008K, reserved 1048576K
}
Event: 10208.426 GC heap before
{Heap before GC invocations=35 (full 1):
 garbage-first heap   total 151552K, used 119353K [0x0000000602800000, 0x0000000800000000)
  region size 4096K, 22 young (90112K), 2 survivors (8192K)
 Metaspace       used 72032K, committed 73472K, reserved 1114112K
  class space    used 10454K, committed 11008K, reserved 1048576K
}
Event: 10208.429 GC heap after
{Heap after GC invocations=36 (full 1):
 garbage-first heap   total 151552K, used 36710K [0x0000000602800000, 0x0000000800000000)
  region size 4096K, 2 young (8192K), 2 survivors (8192K)
 Metaspace       used 72032K, committed 73472K, reserved 1114112K
  class space    used 10454K, committed 11008K, reserved 1048576K
}
Event: 11056.277 GC heap before
{Heap before GC invocations=36 (full 1):
 garbage-first heap   total 151552K, used 118630K [0x0000000602800000, 0x0000000800000000)
  region size 4096K, 22 young (90112K), 2 survivors (8192K)
 Metaspace       used 72032K, committed 73472K, reserved 1114112K
  class space    used 10454K, committed 11008K, reserved 1048576K
}
Event: 11056.280 GC heap after
{Heap after GC invocations=37 (full 1):
 garbage-first heap   total 151552K, used 37390K [0x0000000602800000, 0x0000000800000000)
  region size 4096K, 2 young (8192K), 2 survivors (8192K)
 Metaspace       used 72032K, committed 73472K, reserved 1114112K
  class space    used 10454K, committed 11008K, reserved 1048576K
}
Event: 11946.975 GC heap before
{Heap before GC invocations=37 (full 1):
 garbage-first heap   total 151552K, used 119310K [0x0000000602800000, 0x0000000800000000)
  region size 4096K, 22 young (90112K), 2 survivors (8192K)
 Metaspace       used 72032K, committed 73472K, reserved 1114112K
  class space    used 10454K, committed 11008K, reserved 1048576K
}
Event: 11946.978 GC heap after
{Heap after GC invocations=38 (full 1):
 garbage-first heap   total 151552K, used 36532K [0x0000000602800000, 0x0000000800000000)
  region size 4096K, 2 young (8192K), 2 survivors (8192K)
 Metaspace       used 72032K, committed 73472K, reserved 1114112K
  class space    used 10454K, committed 11008K, reserved 1048576K
}
Event: 12799.504 GC heap before
{Heap before GC invocations=39 (full 1):
 garbage-first heap   total 151552K, used 118452K [0x0000000602800000, 0x0000000800000000)
  region size 4096K, 22 young (90112K), 2 survivors (8192K)
 Metaspace       used 72032K, committed 73472K, reserved 1114112K
  class space    used 10454K, committed 11008K, reserved 1048576K
}
Event: 12799.507 GC heap after
{Heap after GC invocations=40 (full 1):
 garbage-first heap   total 151552K, used 37521K [0x0000000602800000, 0x0000000800000000)
  region size 4096K, 1 young (4096K), 1 survivors (4096K)
 Metaspace       used 72032K, committed 73472K, reserved 1114112K
  class space    used 10454K, committed 11008K, reserved 1048576K
}
Event: 13737.507 GC heap before
{Heap before GC invocations=40 (full 1):
 garbage-first heap   total 151552K, used 123537K [0x0000000602800000, 0x0000000800000000)
  region size 4096K, 22 young (90112K), 1 survivors (4096K)
 Metaspace       used 72032K, committed 73472K, reserved 1114112K
  class space    used 10454K, committed 11008K, reserved 1048576K
}
Event: 13737.510 GC heap after
{Heap after GC invocations=41 (full 1):
 garbage-first heap   total 151552K, used 37104K [0x0000000602800000, 0x0000000800000000)
  region size 4096K, 1 young (4096K), 1 survivors (4096K)
 Metaspace       used 72032K, committed 73472K, reserved 1114112K
  class space    used 10454K, committed 11008K, reserved 1048576K
}
Event: 14640.925 GC heap before
{Heap before GC invocations=41 (full 1):
 garbage-first heap   total 151552K, used 123120K [0x0000000602800000, 0x0000000800000000)
  region size 4096K, 22 young (90112K), 1 survivors (4096K)
 Metaspace       used 72032K, committed 73472K, reserved 1114112K
  class space    used 10454K, committed 11008K, reserved 1048576K
}
Event: 14640.926 GC heap after
{Heap after GC invocations=42 (full 1):
 garbage-first heap   total 151552K, used 37829K [0x0000000602800000, 0x0000000800000000)
  region size 4096K, 1 young (4096K), 1 survivors (4096K)
 Metaspace       used 72032K, committed 73472K, reserved 1114112K
  class space    used 10454K, committed 11008K, reserved 1048576K
}

Dll operation events (14 events):
Event: 0.006 Loaded shared library C:\Program Files\Java\jdk-20\bin\java.dll
Event: 0.020 Loaded shared library C:\Program Files\Java\jdk-20\bin\jsvml.dll
Event: 0.085 Loaded shared library C:\Program Files\Java\jdk-20\bin\zip.dll
Event: 0.087 Loaded shared library C:\Program Files\Java\jdk-20\bin\instrument.dll
Event: 0.090 Loaded shared library C:\Program Files\Java\jdk-20\bin\net.dll
Event: 0.091 Loaded shared library C:\Program Files\Java\jdk-20\bin\nio.dll
Event: 0.093 Loaded shared library C:\Program Files\Java\jdk-20\bin\zip.dll
Event: 0.151 Loaded shared library C:\Program Files\JetBrains\IntelliJ IDEA 2023.1.1\bin\breakgen64.dll
Event: 0.154 Loaded shared library C:\Program Files\Java\jdk-20\bin\jimage.dll
Event: 0.157 Loaded shared library C:\Program Files\Java\jdk-20\bin\extnet.dll
Event: 0.167 Loaded shared library C:\Program Files\Java\jdk-20\bin\management.dll
Event: 0.172 Loaded shared library C:\Program Files\Java\jdk-20\bin\management_ext.dll
Event: 1.709 Loaded shared library C:\Program Files\Java\jdk-20\bin\sunmscapi.dll
Event: 2.056 Loaded shared library C:\Program Files\Java\jdk-20\bin\verify.dll

Deoptimization events (20 events):
Event: 4.198 Thread 0x00000166d2111330 DEOPT PACKING pc=0x00000166fc758c4c sp=0x00000001758fc670
Event: 4.198 Thread 0x00000166d2111330 DEOPT UNPACKING pc=0x00000166fba6e462 sp=0x00000001758fbd28 mode 0
Event: 4.198 Thread 0x00000166d2111330 DEOPT PACKING pc=0x00000166fc753d4c sp=0x00000001758fc900
Event: 4.198 Thread 0x00000166d2111330 DEOPT UNPACKING pc=0x00000166fba6e462 sp=0x00000001758fbdd0 mode 0
Event: 4.198 Thread 0x00000166d2111330 DEOPT PACKING pc=0x00000166fc758c4c sp=0x00000001758fca50
Event: 4.198 Thread 0x00000166d2111330 DEOPT UNPACKING pc=0x00000166fba6e462 sp=0x00000001758fc108 mode 0
Event: 4.198 Thread 0x00000166d2111330 DEOPT PACKING pc=0x00000166fc753d4c sp=0x00000001758fcce0
Event: 4.198 Thread 0x00000166d2111330 DEOPT UNPACKING pc=0x00000166fba6e462 sp=0x00000001758fc1b0 mode 0
Event: 4.199 Thread 0x00000166d2111330 DEOPT PACKING pc=0x00000166fc758c4c sp=0x00000001758fd420
Event: 4.199 Thread 0x00000166d2111330 DEOPT UNPACKING pc=0x00000166fba6e462 sp=0x00000001758fcad8 mode 0
Event: 4.199 Thread 0x00000166d2111330 DEOPT PACKING pc=0x00000166fc753d4c sp=0x00000001758fd6b0
Event: 4.199 Thread 0x00000166d2111330 DEOPT UNPACKING pc=0x00000166fba6e462 sp=0x00000001758fcb80 mode 0
Event: 4.199 Thread 0x00000166d2111330 DEOPT PACKING pc=0x00000166fc758c4c sp=0x00000001758fda50
Event: 4.199 Thread 0x00000166d2111330 DEOPT UNPACKING pc=0x00000166fba6e462 sp=0x00000001758fd108 mode 0
Event: 4.199 Thread 0x00000166d2111330 DEOPT PACKING pc=0x00000166fc753d4c sp=0x00000001758fdce0
Event: 4.199 Thread 0x00000166d2111330 DEOPT UNPACKING pc=0x00000166fba6e462 sp=0x00000001758fd1b0 mode 0
Event: 24.533 Thread 0x00000166d4add470 DEOPT PACKING pc=0x00000166fbbe04a6 sp=0x00000001768fce00
Event: 24.533 Thread 0x00000166d4add470 DEOPT UNPACKING pc=0x00000166fba6e462 sp=0x00000001768fc2e8 mode 3
Event: 27.759 Thread 0x00000166d4adf9a0 DEOPT PACKING pc=0x00000166fbb9d649 sp=0x0000000176afae40
Event: 27.759 Thread 0x00000166d4adf9a0 DEOPT UNPACKING pc=0x00000166fba6e462 sp=0x0000000176afa3f8 mode 3

Classes loaded (20 events):
Event: 10.615 Loading class sun/nio/cs/ThreadLocalCoders$Cache done
Event: 10.615 Loading class sun/nio/cs/ThreadLocalCoders$1 done
Event: 10.615 Loading class sun/nio/cs/ThreadLocalCoders$2
Event: 10.615 Loading class sun/nio/cs/ThreadLocalCoders$2 done
Event: 10.618 Loading class java/util/concurrent/ArrayBlockingQueue
Event: 10.618 Loading class java/util/concurrent/ArrayBlockingQueue done
Event: 10.618 Loading class java/util/concurrent/ArrayBlockingQueue$Itr
Event: 10.618 Loading class java/util/concurrent/ArrayBlockingQueue$Itr done
Event: 10.632 Loading class java/time/format/DateTimeFormatterBuilder$ZoneTextPrinterParser
Event: 10.632 Loading class java/time/format/DateTimeFormatterBuilder$ZoneTextPrinterParser done
Event: 10.632 Loading class java/time/format/DateTimeFormatterBuilder$ReducedPrinterParser
Event: 10.632 Loading class java/time/format/DateTimeFormatterBuilder$ReducedPrinterParser done
Event: 10.637 Loading class java/util/ArrayDeque$DescendingIterator
Event: 10.637 Loading class java/util/ArrayDeque$DescendingIterator done
Event: 11.003 Loading class java/io/PushbackInputStream
Event: 11.003 Loading class java/io/PushbackInputStream done
Event: 11.116 Loading class java/util/ResourceBundle$Control$1
Event: 11.116 Loading class java/util/ResourceBundle$Control$1 done
Event: 2216.029 Loading class sun/net/ConnectionResetException
Event: 2216.029 Loading class sun/net/ConnectionResetException done

Classes unloaded (20 events):
Event: 1386.245 Thread 0x00000166cdc04880 Unloading class 0x000001668dc06800 'java/lang/invoke/LambdaForm$MH+0x000001668dc06800'
Event: 1386.245 Thread 0x00000166cdc04880 Unloading class 0x000001668dc06000 'java/lang/invoke/LambdaForm$MH+0x000001668dc06000'
Event: 1386.245 Thread 0x00000166cdc04880 Unloading class 0x000001668dc05800 'java/lang/invoke/LambdaForm$MH+0x000001668dc05800'
Event: 1386.245 Thread 0x00000166cdc04880 Unloading class 0x000001668dc05000 'java/lang/invoke/LambdaForm$MH+0x000001668dc05000'
Event: 1386.245 Thread 0x00000166cdc04880 Unloading class 0x000001668dc04800 'java/lang/invoke/LambdaForm$MH+0x000001668dc04800'
Event: 1386.245 Thread 0x00000166cdc04880 Unloading class 0x000001668dc04000 'java/lang/invoke/LambdaForm$MH+0x000001668dc04000'
Event: 1386.245 Thread 0x00000166cdc04880 Unloading class 0x000001668dc02400 'java/lang/invoke/LambdaForm$MH+0x000001668dc02400'
Event: 1386.245 Thread 0x00000166cdc04880 Unloading class 0x000001668dc02000 'java/lang/invoke/LambdaForm$MH+0x000001668dc02000'
Event: 1386.245 Thread 0x00000166cdc04880 Unloading class 0x000001668dc01c00 'java/lang/invoke/LambdaForm$MH+0x000001668dc01c00'
Event: 1386.245 Thread 0x00000166cdc04880 Unloading class 0x000001668dc01400 'java/lang/invoke/LambdaForm$MH+0x000001668dc01400'
Event: 14640.940 Thread 0x00000166cdc04880 Unloading class 0x000001668e646c00 'java/lang/invoke/LambdaForm$MH+0x000001668e646c00'
Event: 14640.940 Thread 0x00000166cdc04880 Unloading class 0x000001668e646000 'java/lang/invoke/LambdaForm$MH+0x000001668e646000'
Event: 14640.940 Thread 0x00000166cdc04880 Unloading class 0x000001668e645c00 'java/lang/invoke/LambdaForm$MH+0x000001668e645c00'
Event: 14640.940 Thread 0x00000166cdc04880 Unloading class 0x000001668e645800 'java/lang/invoke/LambdaForm$MH+0x000001668e645800'
Event: 14640.940 Thread 0x00000166cdc04880 Unloading class 0x000001668e645400 'java/lang/invoke/LambdaForm$MH+0x000001668e645400'
Event: 14640.940 Thread 0x00000166cdc04880 Unloading class 0x000001668e644800 'java/lang/invoke/LambdaForm$MH+0x000001668e644800'
Event: 14640.940 Thread 0x00000166cdc04880 Unloading class 0x000001668e644400 'java/lang/invoke/LambdaForm$MH+0x000001668e644400'
Event: 14640.940 Thread 0x00000166cdc04880 Unloading class 0x000001668e644000 'java/lang/invoke/LambdaForm$MH+0x000001668e644000'
Event: 14640.940 Thread 0x00000166cdc04880 Unloading class 0x000001668e634800 'jdk/internal/reflect/GeneratedSerializationConstructorAccessor30'
Event: 14640.940 Thread 0x00000166cdc04880 Unloading class 0x000001668e634400 'jdk/internal/reflect/GeneratedSerializationConstructorAccessor29'

Classes redefined (0 events):
No events

Internal exceptions (20 events):
Event: 6.821 Thread 0x00000166d4ada4a0 Exception <a 'java/lang/NoClassDefFoundError'{0x0000000608399b38}: org/glassfish/jersey/server/monitoring/ApplicationEventListener> (0x0000000608399b38) 
thrown [s\open\src\hotspot\share\classfile\systemDictionary.cpp, line 294]
Event: 7.026 Thread 0x00000166d4ada4a0 Exception <a 'java/lang/NoClassDefFoundError'{0x0000000606327138}: org/flywaydb/core/Flyway> (0x0000000606327138) 
thrown [s\open\src\hotspot\share\oops\constantPool.cpp, line 848]
Event: 7.026 Thread 0x00000166d4ada4a0 Exception <a 'java/lang/NoClassDefFoundError'{0x0000000606327798}: liquibase/integration/spring/SpringLiquibase> (0x0000000606327798) 
thrown [s\open\src\hotspot\share\oops\constantPool.cpp, line 848]
Event: 7.029 Thread 0x00000166d4ada4a0 Exception <a 'java/lang/NoClassDefFoundError'{0x00000006063b6038}: org/jooq/DSLContext> (0x00000006063b6038) 
thrown [s\open\src\hotspot\share\oops\constantPool.cpp, line 848]
Event: 7.029 Thread 0x00000166d4ada4a0 Exception <a 'java/lang/NoClassDefFoundError'{0x00000006063cd490}: org/springframework/batch/core/repository/JobRepository> (0x00000006063cd490) 
thrown [s\open\src\hotspot\share\oops\constantPool.cpp, line 848]
Event: 7.029 Thread 0x00000166d4ada4a0 Exception <a 'java/lang/NoClassDefFoundError'{0x00000006063cdae8}: org/quartz/Scheduler> (0x00000006063cdae8) 
thrown [s\open\src\hotspot\share\oops\constantPool.cpp, line 848]
Event: 7.029 Thread 0x00000166d4ada4a0 Exception <a 'java/lang/NoClassDefFoundError'{0x00000006063ce168}: org/springframework/session/jdbc/JdbcIndexedSessionRepository> (0x00000006063ce168) 
thrown [s\open\src\hotspot\share\oops\constantPool.cpp, line 848]
Event: 7.065 Thread 0x00000166d4ada4a0 Exception <a 'java/io/FileNotFoundException'{0x0000000605b545d0}> (0x0000000605b545d0) 
thrown [s\open\src\hotspot\share\prims\jni.cpp, line 519]
Event: 7.092 Thread 0x00000166d4ada4a0 Exception <a 'java/io/FileNotFoundException'{0x00000006057a6970}> (0x00000006057a6970) 
thrown [s\open\src\hotspot\share\prims\jni.cpp, line 519]
Event: 7.359 Thread 0x00000166d4ada4a0 Exception <a 'java/lang/ClassCastException'{0x000000060840c8e8}: class org.hibernate.validator.messageinterpolation.ParameterMessageInterpolator cannot be cast to class jakarta.validation.MessageInterpolator (org.hibernate.validator.messageinterpolation.ParameterMessageInterpolator and jakarta.validation.MessageInterpolator are in unnamed module of loader 'app')> (0x000000060840c8e8) 
thrown [s\open\src\hotspot\share\interpreter\interpreterRuntime.cpp, line 455]
Event: 10.596 Thread 0x00000166d4add9c0 Exception <a 'java/lang/NoSuchMethodError'{0x000000060b39b3c8}: 'java.lang.Object java.lang.invoke.DirectMethodHandle$Holder.invokeSpecial(java.lang.Object, java.lang.Object, java.lang.Object, java.lang.Object, java.lang.Object, long)'> (0x000000060b39b3c8) 
thrown [s\open\src\hotspot\share\interpreter\linkResolver.cpp, line 773]
Event: 10.596 Thread 0x00000166d4add9c0 Exception <a 'java/lang/NoSuchMethodError'{0x000000060b39eb88}: 'java.lang.Object java.lang.invoke.Invokers$Holder.linkToTargetMethod(java.lang.Object, java.lang.Object, java.lang.Object, long, java.lang.Object)'> (0x000000060b39eb88) 
thrown [s\open\src\hotspot\share\interpreter\linkResolver.cpp, line 773]
Event: 11.058 Thread 0x00000166d4ae0440 Exception <a 'java/lang/NoSuchMethodError'{0x000000060a429ec0}: 'void java.lang.invoke.DirectMethodHandle$Holder.invokeSpecialIFC(java.lang.Object, java.lang.Object, int, java.lang.Object, java.lang.Object, java.lang.Object, java.lang.Object)'> (0x000000060a429ec0) 
thrown [s\open\src\hotspot\share\interpreter\linkResolver.cpp, line 773]
Event: 11.097 Thread 0x00000166d4ae0440 Exception <a 'java/lang/NoSuchMethodError'{0x000000060a76cd90}: 'java.lang.Object java.lang.invoke.DirectMethodHandle$Holder.newInvokeSpecial(java.lang.Object, java.lang.Object, java.lang.Object, long)'> (0x000000060a76cd90) 
thrown [s\open\src\hotspot\share\interpreter\linkResolver.cpp, line 773]
Event: 11.098 Thread 0x00000166d4ae0440 Exception <a 'java/lang/NoSuchMethodError'{0x000000060a7710f0}: 'java.lang.Object java.lang.invoke.DirectMethodHandle$Holder.invokeSpecial(java.lang.Object, java.lang.Object, java.lang.Object, java.lang.Object, long)'> (0x000000060a7710f0) 
thrown [s\open\src\hotspot\share\interpreter\linkResolver.cpp, line 773]
Event: 11.098 Thread 0x00000166d4ae0440 Exception <a 'java/lang/NoSuchMethodError'{0x000000060a774b00}: 'java.lang.Object java.lang.invoke.Invokers$Holder.linkToTargetMethod(java.lang.Object, java.lang.Object, long, java.lang.Object)'> (0x000000060a774b00) 
thrown [s\open\src\hotspot\share\interpreter\linkResolver.cpp, line 773]
Event: 11.111 Thread 0x00000166d4ae0440 Exception <a 'java/lang/NoSuchMethodError'{0x000000060a08faa8}: 'int java.lang.invoke.DirectMethodHandle$Holder.invokeStatic(java.lang.Object, java.lang.Object, int, int)'> (0x000000060a08faa8) 
thrown [s\open\src\hotspot\share\interpreter\linkResolver.cpp, line 773]
Event: 11.954 Thread 0x00000166d4adcf20 Exception <a 'java/lang/NoSuchMethodError'{0x0000000609cfa478}: 'java.lang.Object java.lang.invoke.DirectMethodHandle$Holder.invokeInterface(java.lang.Object, java.lang.Object, java.lang.Object, java.lang.Object)'> (0x0000000609cfa478) 
thrown [s\open\src\hotspot\share\interpreter\linkResolver.cpp, line 773]
Event: 27.759 Thread 0x00000166d4adf9a0 Implicit null exception at 0x00000166fbb9d1c4 to 0x00000166fbb9d644
Event: 2216.029 Thread 0x00000166d20e7bd0 Exception <a 'sun/net/ConnectionResetException'{0x0000000606c000b0}: Connection reset> (0x0000000606c000b0) 
thrown [s\open\src\hotspot\share\prims\jni.cpp, line 538]

VM Operations (20 events):
Event: 11946.998 Executing VM operation: G1PauseCleanup done
Event: 12445.067 Executing VM operation: Cleanup
Event: 12445.067 Executing VM operation: Cleanup done
Event: 12556.084 Executing VM operation: Cleanup
Event: 12556.084 Executing VM operation: Cleanup done
Event: 12799.504 Executing VM operation: G1CollectForAllocation
Event: 12799.507 Executing VM operation: G1CollectForAllocation done
Event: 13737.507 Executing VM operation: G1CollectForAllocation
Event: 13737.510 Executing VM operation: G1CollectForAllocation done
Event: 14233.730 Executing VM operation: Cleanup
Event: 14233.730 Executing VM operation: Cleanup done
Event: 14260.976 Executing VM operation: Cleanup
Event: 14260.977 Executing VM operation: Cleanup done
Event: 14295.228 Executing VM operation: Cleanup
Event: 14295.228 Executing VM operation: Cleanup done
Event: 14351.705 Executing VM operation: Cleanup
Event: 14351.705 Executing VM operation: Cleanup done
Event: 14640.924 Executing VM operation: G1CollectForAllocation
Event: 14640.926 Executing VM operation: G1CollectForAllocation done
Event: 14640.940 Executing VM operation: G1PauseRemark

Events (20 events):
Event: 14245.885 Thread 0x00000166d4ade460 Thread added: 0x00000166d4ade460
Event: 14245.885 Thread 0x00000166d4adef00 Thread added: 0x00000166d4adef00
Event: 14250.893 Thread 0x00000166d4ade460 Thread exited: 0x00000166d4ade460
Event: 14250.939 Thread 0x00000166d4adef00 Thread exited: 0x00000166d4adef00
Event: 14251.956 Thread 0x00000166d4ade460 Thread added: 0x00000166d4ade460
Event: 14251.956 Thread 0x00000166d4ada4a0 Thread added: 0x00000166d4ada4a0
Event: 14256.958 Thread 0x00000166d4ade460 Thread exited: 0x00000166d4ade460
Event: 14257.005 Thread 0x00000166d4ada4a0 Thread exited: 0x00000166d4ada4a0
Event: 14260.900 Thread 0x00000166d4ae1430 Thread added: 0x00000166d4ae1430
Event: 14260.900 Thread 0x00000166d4ae1980 Thread added: 0x00000166d4ae1980
Event: 14265.914 Thread 0x00000166d4ae1430 Thread exited: 0x00000166d4ae1430
Event: 14265.960 Thread 0x00000166d4ae1980 Thread exited: 0x00000166d4ae1980
Event: 14294.916 Thread 0x00000166d4ae1430 Thread added: 0x00000166d4ae1430
Event: 14294.916 Thread 0x00000166d4adc9d0 Thread added: 0x00000166d4adc9d0
Event: 14299.921 Thread 0x00000166d4ae1430 Thread exited: 0x00000166d4ae1430
Event: 14299.968 Thread 0x00000166d4adc9d0 Thread exited: 0x00000166d4adc9d0
Event: 14318.331 Thread 0x00000166d4adc9d0 Thread added: 0x00000166d4adc9d0
Event: 14318.331 Thread 0x00000166d4ade460 Thread added: 0x00000166d4ade460
Event: 14323.344 Thread 0x00000166d4adc9d0 Thread exited: 0x00000166d4adc9d0
Event: 14323.391 Thread 0x00000166d4ade460 Thread exited: 0x00000166d4ade460


Dynamic libraries:
0x00007ff78eb10000 - 0x00007ff78eb20000 	C:\Program Files\Java\jdk-20\bin\java.exe
0x00007ffed0a10000 - 0x00007ffed0c27000 	C:\WINDOWS\SYSTEM32\ntdll.dll
0x00007ffecefa0000 - 0x00007ffecf064000 	C:\WINDOWS\System32\KERNEL32.DLL
0x00007ffecdd30000 - 0x00007ffece0d7000 	C:\WINDOWS\System32\KERNELBASE.dll
0x00007ffece620000 - 0x00007ffece731000 	C:\WINDOWS\System32\ucrtbase.dll
0x00007ffe49910000 - 0x00007ffe4992b000 	C:\Program Files\Java\jdk-20\bin\VCRUNTIME140.dll
0x00007ffe498f0000 - 0x00007ffe49909000 	C:\Program Files\Java\jdk-20\bin\jli.dll
0x00007ffecf080000 - 0x00007ffecf132000 	C:\WINDOWS\System32\ADVAPI32.dll
0x00007ffed0870000 - 0x00007ffed0917000 	C:\WINDOWS\System32\msvcrt.dll
0x00007ffecf280000 - 0x00007ffecf328000 	C:\WINDOWS\System32\sechost.dll
0x00007ffece5f0000 - 0x00007ffece618000 	C:\WINDOWS\System32\bcrypt.dll
0x00007ffececd0000 - 0x00007ffecede5000 	C:\WINDOWS\System32\RPCRT4.dll
0x00007ffecf850000 - 0x00007ffecf9fe000 	C:\WINDOWS\System32\USER32.dll
0x00007ffece160000 - 0x00007ffece186000 	C:\WINDOWS\System32\win32u.dll
0x00007ffecf1e0000 - 0x00007ffecf209000 	C:\WINDOWS\System32\GDI32.dll
0x00007ffec22c0000 - 0x00007ffec2553000 	C:\WINDOWS\WinSxS\amd64_microsoft.windows.common-controls_6595b64144ccf1df_6.0.22621.3527_none_270e469b73872a76\COMCTL32.dll
0x00007ffece250000 - 0x00007ffece369000 	C:\WINDOWS\System32\gdi32full.dll
0x00007ffece550000 - 0x00007ffece5ea000 	C:\WINDOWS\System32\msvcp_win.dll
0x00007ffecb830000 - 0x00007ffecb83a000 	C:\WINDOWS\SYSTEM32\VERSION.dll
0x00007ffecef60000 - 0x00007ffecef91000 	C:\WINDOWS\System32\IMM32.DLL
0x00007ffec73f0000 - 0x00007ffec73fc000 	C:\Program Files\Java\jdk-20\bin\vcruntime140_1.dll
0x00007ffe45730000 - 0x00007ffe457be000 	C:\Program Files\Java\jdk-20\bin\msvcp140.dll
0x00007ffe402c0000 - 0x00007ffe40f58000 	C:\Program Files\Java\jdk-20\bin\server\jvm.dll
0x00007ffe9d460000 - 0x00007ffe9d469000 	C:\WINDOWS\SYSTEM32\WSOCK32.dll
0x00007ffec66d0000 - 0x00007ffec6704000 	C:\WINDOWS\SYSTEM32\WINMM.dll
0x00007ffecf160000 - 0x00007ffecf1d1000 	C:\WINDOWS\System32\WS2_32.dll
0x00007ffecce00000 - 0x00007ffecce18000 	C:\WINDOWS\SYSTEM32\kernel.appcore.dll
0x00007ffebb480000 - 0x00007ffebb48a000 	C:\Program Files\Java\jdk-20\bin\jimage.dll
0x00007ffeb9020000 - 0x00007ffeb9253000 	C:\WINDOWS\SYSTEM32\DBGHELP.DLL
0x00007ffece7b0000 - 0x00007ffeceb38000 	C:\WINDOWS\System32\combase.dll
0x00007ffecee00000 - 0x00007ffeceed7000 	C:\WINDOWS\System32\OLEAUT32.dll
0x00007ffec2560000 - 0x00007ffec2592000 	C:\WINDOWS\SYSTEM32\dbgcore.DLL
0x00007ffece0e0000 - 0x00007ffece159000 	C:\WINDOWS\System32\bcryptPrimitives.dll
0x00007ffecb910000 - 0x00007ffecb91e000 	C:\Program Files\Java\jdk-20\bin\instrument.dll
0x00007ffe45700000 - 0x00007ffe45726000 	C:\Program Files\Java\jdk-20\bin\java.dll
0x00007ffe450b0000 - 0x00007ffe45187000 	C:\Program Files\Java\jdk-20\bin\jsvml.dll
0x00007ffed0010000 - 0x00007ffed086c000 	C:\WINDOWS\System32\SHELL32.dll
0x00007ffecbc30000 - 0x00007ffecc526000 	C:\WINDOWS\SYSTEM32\windows.storage.dll
0x00007ffecbaf0000 - 0x00007ffecbc2e000 	C:\WINDOWS\SYSTEM32\wintypes.dll
0x00007ffecfa00000 - 0x00007ffecfaf5000 	C:\WINDOWS\System32\SHCORE.dll
0x00007ffecec40000 - 0x00007ffecec9e000 	C:\WINDOWS\System32\shlwapi.dll
0x00007ffecdc60000 - 0x00007ffecdc81000 	C:\WINDOWS\SYSTEM32\profapi.dll
0x00007ffe45050000 - 0x00007ffe45068000 	C:\Program Files\Java\jdk-20\bin\zip.dll
0x00007ffe45090000 - 0x00007ffe450a3000 	C:\Program Files\Java\jdk-20\bin\net.dll
0x00007ffec6ca0000 - 0x00007ffec6dd6000 	C:\WINDOWS\SYSTEM32\WINHTTP.dll
0x00007ffecd260000 - 0x00007ffecd2c9000 	C:\WINDOWS\system32\mswsock.dll
0x00007ffe45070000 - 0x00007ffe45086000 	C:\Program Files\Java\jdk-20\bin\nio.dll
0x00007ffecb890000 - 0x00007ffecb8aa000 	C:\Program Files\JetBrains\IntelliJ IDEA 2023.1.1\bin\breakgen64.dll
0x00007ffe76450000 - 0x00007ffe76457000 	C:\Program Files\Java\jdk-20\bin\extnet.dll
0x00007ffecc870000 - 0x00007ffecc969000 	C:\WINDOWS\SYSTEM32\DNSAPI.dll
0x00007ffecc840000 - 0x00007ffecc86d000 	C:\WINDOWS\SYSTEM32\IPHLPAPI.DLL
0x00007ffecf070000 - 0x00007ffecf079000 	C:\WINDOWS\System32\NSI.dll
0x0000000063c10000 - 0x0000000063c36000 	C:\Program Files\Bonjour\mdnsNSP.dll
0x00007ffec6630000 - 0x00007ffec663a000 	C:\Windows\System32\rasadhlp.dll
0x00007ffec5e40000 - 0x00007ffec5ec3000 	C:\WINDOWS\System32\fwpuclnt.dll
0x00007ffecb900000 - 0x00007ffecb90a000 	C:\Program Files\Java\jdk-20\bin\management.dll
0x00007ffecb8f0000 - 0x00007ffecb8fb000 	C:\Program Files\Java\jdk-20\bin\management_ext.dll
0x00007ffececa0000 - 0x00007ffececa8000 	C:\WINDOWS\System32\PSAPI.DLL
0x00007ffecd5b0000 - 0x00007ffecd5cb000 	C:\WINDOWS\SYSTEM32\CRYPTSP.dll
0x00007ffeccd60000 - 0x00007ffeccd95000 	C:\WINDOWS\system32\rsaenh.dll
0x00007ffecd300000 - 0x00007ffecd328000 	C:\WINDOWS\SYSTEM32\USERENV.dll
0x00007ffecd590000 - 0x00007ffecd59c000 	C:\WINDOWS\SYSTEM32\CRYPTBASE.dll
0x00007ffec6b10000 - 0x00007ffec6b29000 	C:\WINDOWS\SYSTEM32\dhcpcsvc6.DLL
0x00007ffec6a50000 - 0x00007ffec6a6f000 	C:\WINDOWS\SYSTEM32\dhcpcsvc.DLL
0x00007ffe9b340000 - 0x00007ffe9b357000 	C:\WINDOWS\system32\napinsp.dll
0x00007ffe9b320000 - 0x00007ffe9b33b000 	C:\WINDOWS\system32\pnrpnsp.dll
0x00007ffe9b300000 - 0x00007ffe9b311000 	C:\WINDOWS\System32\winrnr.dll
0x00007ffeafa70000 - 0x00007ffeafa85000 	C:\WINDOWS\system32\wshbth.dll
0x00007ffe9b2d0000 - 0x00007ffe9b2f1000 	C:\WINDOWS\system32\nlansp_c.dll
0x00007ffecb880000 - 0x00007ffecb88e000 	C:\Program Files\Java\jdk-20\bin\sunmscapi.dll
0x00007ffece3e0000 - 0x00007ffece547000 	C:\WINDOWS\System32\CRYPT32.dll
0x00007ffecd6d0000 - 0x00007ffecd6fe000 	C:\WINDOWS\SYSTEM32\ncrypt.dll
0x00007ffecd690000 - 0x00007ffecd6c7000 	C:\WINDOWS\SYSTEM32\NTASN1.dll
0x00007ffe4e290000 - 0x00007ffe4e2a0000 	C:\Program Files\Java\jdk-20\bin\verify.dll
0x00007ffe8f030000 - 0x00007ffe8f038000 	C:\WINDOWS\system32\wshunix.dll

dbghelp: loaded successfully - version: 4.0.5 - missing functions: none
symbol engine: initialized successfully - sym options: 0x614 - pdb path: .;C:\Program Files\Java\jdk-20\bin;C:\WINDOWS\SYSTEM32;C:\WINDOWS\WinSxS\amd64_microsoft.windows.common-controls_6595b64144ccf1df_6.0.22621.3527_none_270e469b73872a76;C:\Program Files\Java\jdk-20\bin\server;C:\Program Files\JetBrains\IntelliJ IDEA 2023.1.1\bin;C:\Program Files\Bonjour

VM Arguments:
jvm_args: -XX:TieredStopAtLevel=1 -Dspring.output.ansi.enabled=always -Dcom.sun.management.jmxremote -Dspring.jmx.enabled=true -Dspring.liveBeansView.mbeanDomain -Dspring.application.admin.enabled=true -Dmanagement.endpoints.jmx.exposure.include=* -javaagent:C:\Program Files\JetBrains\IntelliJ IDEA 2023.1.1\lib\idea_rt.jar=58909:C:\Program Files\JetBrains\IntelliJ IDEA 2023.1.1\bin -Dfile.encoding=UTF-8 -Dsun.stdout.encoding=UTF-8 -Dsun.stderr.encoding=UTF-8 
java_command: com.example.login.LoginApplication
java_class_path (initial): C:\Users\desta\OneDrive\Documentos\PRUEBA JAVA SPRING BOOT  ANGULAR\prueba\back\target\classes;C:\Users\desta\.m2\repository\org\springframework\boot\spring-boot-starter-web\3.1.5\spring-boot-starter-web-3.1.5.jar;C:\Users\desta\.m2\repository\org\springframework\boot\spring-boot-starter\3.1.5\spring-boot-starter-3.1.5.jar;C:\Users\desta\.m2\repository\org\springframework\boot\spring-boot-starter-logging\3.1.5\spring-boot-starter-logging-3.1.5.jar;C:\Users\desta\.m2\repository\ch\qos\logback\logback-classic\1.4.11\logback-classic-1.4.11.jar;C:\Users\desta\.m2\repository\ch\qos\logback\logback-core\1.4.11\logback-core-1.4.11.jar;C:\Users\desta\.m2\repository\org\apache\logging\log4j\log4j-to-slf4j\2.20.0\log4j-to-slf4j-2.20.0.jar;C:\Users\desta\.m2\repository\org\apache\logging\log4j\log4j-api\2.20.0\log4j-api-2.20.0.jar;C:\Users\desta\.m2\repository\org\slf4j\jul-to-slf4j\2.0.9\jul-to-slf4j-2.0.9.jar;C:\Users\desta\.m2\repository\jakarta\annotation\jakarta.annotation-api\2.1.1\jakarta.annotation-api-2.1.1.jar;C:\Users\desta\.m2\repository\org\yaml\snakeyaml\1.33\snakeyaml-1.33.jar;C:\Users\desta\.m2\repository\org\springframework\boot\spring-boot-starter-json\3.1.5\spring-boot-starter-json-3.1.5.jar;C:\Users\desta\.m2\repository\com\fasterxml\jackson\datatype\jackson-datatype-jdk8\2.15.3\jackson-datatype-jdk8-2.15.3.jar;C:\Users\desta\.m2\repository\com\fasterxml\jackson\module\jackson-module-parameter-names\2.15.3\jackson-module-parameter-names-2.15.3.jar;C:\Users\desta\.m2\repository\org\springframework\boot\spring-boot-starter-tomcat\3.1.5\spring-boot-starter-tomcat-3.1.5.jar;C:\Users\desta\.m2\repository\org\apache\tomcat\embed\tomcat-embed-core\10.1.15\tomcat-embed-core-10.1.15.jar;C:\Users\desta\.m2\repository\org\apache\tomcat\embed\tomcat-embed-el\10.1.15\tomcat-embed-el-10.1.15.jar;C:\Users\desta\.m2\repository\org\apache\tomcat\embed\tomcat-embed-websocket\10.1.15\tomcat-embed-websocket-10.1.15.jar;C:\Users\desta\.m2\repository\org\springframework\spring-web\6.0.13\spring-web-6.0.13.jar;C:\Users\desta\.m2\repository\org\springframework\spring-beans\6.0.13\spring-beans-6.0.13.jar;C:\Users\desta\.m2\repository\org\springframework\spring-webmvc\6.0.13\spring-webmvc-6.0.13.jar;C:\Users\desta\.m2\repository\org\springframework\spring-aop\6.0.13\spring-aop-6.0.13.jar;C:\Users\desta\.m2\repository\org\springframework\spring-context\6.0.13\spring-context-6.0.13.jar;C:\Users\desta\.m2\repository\org\springframework\spring-expression\6.0.13\spring-expression-6.0.13.jar;C:\Users\desta\.m2\repository\org\springframework\boot\spring-boot-starter-data-jpa\3.1.5\spring-boot-starter-data-jpa-3.1.5.jar;C:\Users\desta\.m2\repository\org\springframework\boot\spring-boot-starter-aop\3.1.5\spring-boot-starter-aop-3.1.5.jar;C:\Users\desta\.m2\repository\org\aspectj\aspectjweaver\1.9.20\aspectjweaver-1.9.20.jar;C:\Users\desta\.m2\repository\org\springframework\boot\spring-boot-starter-jdbc\3.1.5\spring-boot-starter-jdbc-3.1.5.jar;C:\Users\desta\.m2\repository\com\zaxxer\HikariCP\5.0.1\HikariCP-5.0.1.jar;C:\Users\desta\.m2\repository\org\springframework\spring-jdbc\6.0.13\spring-jdbc-6.0.13.jar;C:\Users\desta\.m2\repository\org\hibernate\orm\hibernate-core\6.2.13.Final\hibernate-core-6.2.13.Final.jar;C:\Users\desta\.m2\repository\jakarta\persistence\jakarta.persistence-api\3.1.0\jakarta.persistence-api-3.1.0.jar;C:\Users\desta\.m2\repository\jakarta\transaction\jakarta.transaction-api\2.0.1\jakarta.transaction-api-2.0.1.jar;C:\Users\desta\.m2\repository\org\hibernate\common\hibernate-commons-annotations\6.0.6.Final\hibernate-commons-annotations-6.0.6.Final.jar;C:\Users\desta\.m2\repository\io\smallrye\jandex\3.0.5\jandex-3.0.5.jar;C:\Users\desta\.m2\repository\net\bytebuddy\byte-buddy\1.14.9\byte-buddy-1.14.9.jar;C:\Users\desta\.m2\repository\org\glassfish\jaxb\jaxb-runtime\4.0.3\jaxb-runtime-4.0.3.jar;C:\Users\desta\.m2\repository\org\glassfish\jaxb\jaxb-core\4.0.3\jaxb-core-4.0.3.jar;C:\Users\desta\.m2\repository\org\eclipse\angus\angus-activation\2.0.1\angus-activation-2.0.1.jar;C:\Users\desta\.m2\repository\org\glassfish\jaxb\txw2\4.0.3\txw2-4.0.3.jar;C:\Users\desta\.m2\repository\com\sun\istack\istack-commons-runtime\4.1.2\istack-commons-runtime-4.1.2.jar;C:\Users\desta\.m2\repository\jakarta\inject\jakarta.inject-api\2.0.1\jakarta.inject-api-2.0.1.jar;C:\Users\desta\.m2\repository\org\antlr\antlr4-runtime\4.10.1\antlr4-runtime-4.10.1.jar;C:\Users\desta\.m2\repository\org\springframework\data\spring-data-jpa\3.1.5\spring-data-jpa-3.1.5.jar;C:\Users\desta\.m2\repository\org\springframework\data\spring-data-commons\3.1.5\spring-data-commons-3.1.5.jar;C:\Users\desta\.m2\repository\org\springframework\spring-orm\6.0.13\spring-orm-6.0.13.jar;C:\Users\desta\.m2\repository\org\springframework\spring-tx\6.0.13\spring-tx-6.0.13.jar;C:\Users\desta\.m2\repository\org\slf4j\slf4j-api\2.0.9\slf4j-api-2.0.9.jar;C:\Users\desta\.m2\repository\org\springframework\spring-aspects\6.0.13\spring-aspects-6.0.13.jar;C:\Users\desta\.m2\repository\org\springframework\boot\spring-boot-devtools\3.1.5\spring-boot-devtools-3.1.5.jar;C:\Users\desta\.m2\repository\org\springframework\boot\spring-boot\3.1.5\spring-boot-3.1.5.jar;C:\Users\desta\.m2\repository\org\springframework\boot\spring-boot-autoconfigure\3.1.5\spring-boot-autoconfigure-3.1.5.jar;C:\Users\desta\.m2\repository\org\postgresql\postgresql\42.2.18\postgresql-42.2.18.jar;C:\Users\desta\.m2\repository\org\checkerframework\checker-qual\3.5.0\checker-qual-3.5.0.jar;C:\Users\desta\.m2\repository\org\projectlombok\lombok\1.18.30\lombok-1.18.30.jar;C:\Users\desta\.m2\repository\jakarta\xml\bind\jakarta.xml.bind-api\4.0.1\jakarta.xml.bind-api-4.0.1.jar;C:\Users\desta\.m2\repository\jakarta\activation\jakarta.activation-api\2.1.2\jakarta.activation-api-2.1.2.jar;C:\Users\desta\.m2\repository\org\springframework\spring-core\6.0.13\spring-core-6.0.13.jar;C:\Users\desta\.m2\repository\org\springframework\spring-jcl\6.0.13\spring-jcl-6.0.13.jar;C:\Users\desta\.m2\repository\org\jetbrains\annotations\13.0\annotations-13.0.jar;C:\Users\desta\.m2\repository\jakarta\platform\jakarta.jakartaee-api\8.0.0\jakarta.jakartaee-api-8.0.0.jar;C:\Users\desta\.m2\repository\org\hibernate\validator\hibernate-validator\6.2.0.Final\hibernate-validator-6.2.0.Final.jar;C:\Users\desta\.m2\repository\jakarta\validation\jakarta.validation-api\3.0.2\jakarta.validation-api-3.0.2.jar;C:\Users\desta\.m2\repository\org\jboss\logging\jboss-logging\3.5.3.Final\jboss-logging-3.5.3.Final.jar;C:\Users\desta\.m2\repository\com\fasterxml\classmate\1.5.1\classmate-1.5.1.jar;C:\Users\desta\.m2\repository\com\fasterxml\jackson\datatype\jackson-datatype-jsr310\2.13.0\jackson-datatype-jsr310-2.13.0.jar;C:\Users\desta\.m2\repository\com\fasterxml\jackson\core\jackson-annotations\2.15.3\jackson-annotations-2.15.3.jar;C:\Users\desta\.m2\repository\com\fasterxml\jackson\core\jackson-core\2.15.3\jackson-core-2.15.3.jar;C:\Users\desta\.m2\repository\com\fasterxml\jackson\core\jackson-databind\2.15.3\jackson-databind-2.15.3.jar;C:\Users\desta\.m2\repository\org\springframework\boot\spring-boot-starter-actuator\3.1.5\spring-boot-starter-actuator-3.1.5.jar;C:\Users\desta\.m2\repository\org\springframework\boot\spring-boot-actuator-autoconfigure\3.1.5\spring-boot-actuator-autoconfigure-3.1.5.jar;C:\Users\desta\.m2\repository\org\springframework\boot\spring-boot-actuator\3.1.5\spring-boot-actuator-3.1.5.jar;C:\Users\desta\.m2\repository\io\micrometer\micrometer-observation\1.11.5\micrometer-observation-1.11.5.jar;C:\Users\desta\.m2\repository\io\micrometer\micrometer-commons\1.11.5\micrometer-commons-1.11.5.jar;C:\Users\desta\.m2\repository\io\micrometer\micrometer-core\1.11.5\micrometer-core-1.11.5.jar;C:\Users\desta\.m2\repository\org\hdrhistogram\HdrHistogram\2.1.12\HdrHistogram-2.1.12.jar;C:\Users\desta\.m2\repository\org\latencyutils\LatencyUtils\2.0.3\LatencyUtils-2.0.3.jar
Launcher Type: SUN_STANDARD

[Global flags]
     intx CICompilerCount                          = 4                                         {product} {ergonomic}
     uint ConcGCThreads                            = 3                                         {product} {ergonomic}
     uint G1ConcRefinementThreads                  = 10                                        {product} {ergonomic}
   size_t G1HeapRegionSize                         = 4194304                                   {product} {ergonomic}
    uintx GCDrainStackTargetSize                   = 64                                        {product} {ergonomic}
   size_t InitialHeapSize                          = 536870912                                 {product} {ergonomic}
     bool ManagementServer                         = true                                      {product} {command line}
   size_t MarkStackSize                            = 4194304                                   {product} {ergonomic}
   size_t MaxHeapSize                              = 8547991552                                {product} {ergonomic}
   size_t MaxNewSize                               = 5125439488                                {product} {ergonomic}
   size_t MinHeapDeltaBytes                        = 4194304                                   {product} {ergonomic}
   size_t MinHeapSize                              = 8388608                                   {product} {ergonomic}
    uintx NonProfiledCodeHeapSize                  = 0                                      {pd product} {ergonomic}
     bool ProfileInterpreter                       = false                                  {pd product} {command line}
    uintx ProfiledCodeHeapSize                     = 0                                      {pd product} {ergonomic}
   size_t SoftMaxHeapSize                          = 8547991552                             {manageable} {ergonomic}
     intx TieredStopAtLevel                        = 1                                         {product} {command line}
     bool UseCompressedClassPointers               = true                           {product lp64_product} {ergonomic}
     bool UseCompressedOops                        = true                           {product lp64_product} {ergonomic}
     bool UseG1GC                                  = true                                      {product} {ergonomic}
     bool UseLargePagesIndividualAllocation        = false                                  {pd product} {ergonomic}

Logging:
Log output configuration:
 #0: stdout all=warning uptime,level,tags foldmultilines=false
 #1: stderr all=off uptime,level,tags foldmultilines=false

Environment Variables:
JAVA_HOME=C:\Program Files\Java\jdk-17\bin
PATH=C:\Program Files\Eclipse Adoptium\jdk-17.0.8.7-hotspot\bin;C:\Python311\Scripts\;C:\Python311\;C:\Program Files\Microsoft\jdk-11.0.16.101-hotspot\bin;C:\Program Files\Common Files\Oracle\Java\javapath;C:\Program Files (x86)\Common Files\Oracle\Java\javapath;C:\Windows\system32;C:\Windows;C:\Windows\System32\Wbem;C:\Windows\System32\WindowsPowerShell\v1.0\;C:\Windows\System32\OpenSSH\;C:\Program Files\NVIDIA Corporation\NVIDIA NvDLISR;C:\Program Files (x86)\NVIDIA Corporation\PhysX\Common;C:\WINDOWS\system32;C:\WINDOWS;C:\WINDOWS\System32\Wbem;C:\WINDOWS\System32\WindowsPowerShell\v1.0\;C:\WINDOWS\System32\OpenSSH\;C:\Program Files\Git\cmd;C:\ProgramData\chocolatey\bin;C:\Program Files (x86)\Microsoft SQL Server\160\Tools\Binn\;C:\Program Files\Microsoft SQL Server\160\Tools\Binn\;C:\Program Files\Microsoft SQL Server\Client SDK\ODBC\170\Tools\Binn\;C:\Program Files\Microsoft SQL Server\160\DTS\Binn\;C:\Program Files (x86)\Microsoft SQL Server\160\DTS\Binn\;C:\Program Files\Azure Data Studio\bin;C:\Program Files\Microsoft SQL Server\150\Tools\Binn\;C:\Program Files\dotnet\;C:\Program Files\Common Files\Autodesk Shared\;C:\Program Files\nodejs\;C:\Program Files\Java\jdk-17\bin;C:\Program Files\PuTTY\;C:\Users\desta\AppData\Local\Microsoft\WindowsApps;C:\Users\desta\AppData\Local\GitHubDesktop\bin;C:\Program Files\JetBrains\IntelliJ IDEA 2023.1.1\bin;;C:\Program Files\JetBrains\WebStorm 2023.1.1\bin;;C:\Users\desta\AppData\Local\Programs\Microsoft VS Code\bin;C:\Program Files\Azure Data Studio\bin;C:\Program Files\JetBrains\DataGrip 2023.1.2\bin;;C:\Users\desta\.dotnet\tools;C:\Users\desta\AppData\Roaming\npm;C:\Program Files\heroku\bin;C:\Program Files\JetBrains\PyCharm 2023.3.2\bin;
USERNAME=desta
OS=Windows_NT
PROCESSOR_IDENTIFIER=Intel64 Family 6 Model 167 Stepping 1, GenuineIntel
TMP=C:\Users\desta\AppData\Local\Temp
TEMP=C:\Users\desta\AppData\Local\Temp




---------------  S Y S T E M  ---------------

OS:
 Windows 11 , 64 bit Build 22621 (10.0.22621.3527)
OS uptime: 0 days 6:45 hours
Hyper-V role detected

CPU: total 12 (initial active 12) (6 cores per cpu, 2 threads per core) family 6 model 167 stepping 1 microcode 0x3c, cx8, cmov, fxsr, ht, mmx, 3dnowpref, sse, sse2, sse3, ssse3, sse4.1, sse4.2, popcnt, lzcnt, tsc, tscinvbit, avx, avx2, aes, erms, clmul, bmi1, bmi2, adx, avx512f, avx512dq, avx512cd, avx512bw, avx512vl, sha, fma, vzeroupper, avx512_vpopcntdq, avx512_vpclmulqdq, avx512_vaes, avx512_vnni, clflush, clflushopt, avx512_vbmi2, avx512_vbmi, hv, rdtscp, rdpid, fsrm, gfni, avx512_bitalg, f16c, avx512_ifma

Memory: 4k page, system-wide physical 32604M (16953M free)
TotalPageFile size 34652M (AvailPageFile size 10534M)
current process WorkingSet (physical memory assigned to process): 254M, peak: 314M
current process commit charge ("private bytes"): 357M, peak: 641M

vm_info: Java HotSpot(TM) 64-Bit Server VM (20.0.2+9-78) for windows-amd64 JRE (20.0.2+9-78), built on 2023-06-14T10:08:48Z by "mach5one" with MS VC++ 17.1 (VS2022)

END.
